2017-02-27T09:54:01.633Z - info: HTTP GET /user/index
2017-02-27T09:54:48.252Z - info: HTTP GET /user/index
2017-02-27T09:55:07.002Z - info: HTTP GET /user/index
2017-02-27T09:55:48.806Z - info: HTTP GET /user/index
2017-03-05T08:54:55.685Z - info: HTTP GET /user/upload
2017-03-05T08:54:55.717Z - info: HTTP GET /user/css/normalize.css
2017-03-05T08:54:55.719Z - info: HTTP GET /user/css/main.css
2017-03-05T08:54:55.721Z - info: HTTP GET /user/js/vendor/font-awesome-4.7.0/css/font-awesome.min.css
2017-03-05T08:54:55.728Z - info: HTTP GET /user/js/vendor/modernizr-2.8.3.min.js
2017-03-05T08:54:55.730Z - info: HTTP GET /user/js/vendor/webuploader-0.1.5/webuploader.css
2017-03-05T08:54:55.733Z - info: HTTP GET /user/img/logo.jpg
2017-03-05T08:54:55.734Z - info: HTTP GET /user/js/vendor/jquery-1.12.0.min.js
2017-03-05T08:54:55.735Z - info: HTTP GET /user/js/vendor/webuploader-0.1.5/webuploader.js
2017-03-05T08:57:07.928Z - info: HTTP GET /user/upload
2017-03-05T08:57:08.017Z - info: HTTP GET /user/img/logo.jpg
2017-03-05T08:57:17.660Z - info: HTTP GET /user/upload
2017-03-05T08:57:17.690Z - info: HTTP GET /user/img/logo.jpg
2017-03-05T08:59:15.827Z - info: HTTP GET /user/upload
2017-03-05T08:59:15.866Z - info: HTTP GET /user/img/logo.jpg
2017-03-05T09:00:03.025Z - info: HTTP GET /user/upload
2017-03-05T09:00:03.942Z - info: HTTP GET /user/upload
2017-03-05T09:00:47.512Z - info: HTTP GET /user/upload
2017-03-05T09:00:47.554Z - info: HTTP GET /user/js/main.js
2017-03-05T09:00:47.640Z - info: HTTP GET /user/js/main.js
2017-03-05T09:00:53.505Z - info: HTTP GET /user/upload
2017-03-05T09:00:53.540Z - info: HTTP GET /user/js/main.js
2017-03-05T09:00:53.589Z - info: HTTP GET /user/js/main.js
2017-03-05T09:01:26.182Z - info: HTTP GET /user/upload
2017-03-05T09:01:41.381Z - info: HTTP GET /user/upload
2017-03-05T09:04:07.421Z - info: HTTP GET /user/upload
2017-03-05T09:04:08.061Z - info: HTTP GET /user/upload
2017-03-05T09:04:14.046Z - info: HTTP GET /user/upload
2017-03-05T09:04:38.886Z - info: HTTP GET /user/upload
2017-03-05T09:05:46.813Z - info: HTTP GET /user/upload
2017-03-05T09:07:32.133Z - info: HTTP GET /user/upload
2017-03-05T09:07:32.821Z - info: HTTP GET /user/upload
2017-03-05T09:08:23.013Z - info: HTTP GET /user/upload
2017-03-05T09:08:23.872Z - info: HTTP GET /user/upload
2017-03-05T09:11:31.648Z - info: HTTP GET /user/upload
2017-03-05T09:13:34.996Z - info: HTTP GET /user/upload
2017-03-05T09:13:37.754Z - info: HTTP GET /user/upload
2017-03-05T09:14:46.009Z - info: HTTP GET /user/upload
2017-03-05T09:15:02.426Z - info: HTTP GET /user/upload
2017-03-05T09:17:00.548Z - info: HTTP GET /user/upload
2017-03-05T09:18:45.467Z - info: HTTP GET /user/upload
2017-03-05T09:18:49.443Z - info: HTTP POST /user/upload
2017-03-05T09:19:07.743Z - info: HTTP POST /user/upload
2017-03-05T09:25:43.401Z - info: HTTP GET /user/upload
2017-03-05T09:25:55.497Z - info: HTTP POST /user/upload
2017-03-05T09:27:21.667Z - info: HTTP GET /user/upload
2017-03-05T09:27:54.609Z - info: HTTP GET /user/upload
2017-03-05T09:29:17.431Z - info: HTTP GET /user/upload
2017-03-05T10:11:50.474Z - info: HTTP GET /user/upload
2017-03-05T10:12:33.567Z - info: HTTP GET /user/upload
2017-03-05T10:18:27.841Z - info: HTTP GET /user/upload
2017-03-05T10:21:08.488Z - info: HTTP GET /user/upload
2017-03-07T14:39:32.370Z - info: HTTP GET /user/upload
2017-03-07T14:39:38.197Z - info: HTTP POST /user/upload
2017-03-07T14:39:38.200Z - info: HTTP GET /user/upload
2017-03-08T14:40:46.255Z - info: HTTP GET /user/upload
2017-03-08T14:56:12.760Z - info: HTTP POST /user/upload
2017-03-08T14:56:12.768Z - info: HTTP GET /user/upload
2017-03-08T14:56:12.771Z - info: HTTP POST /user/upload
2017-03-08T14:56:12.802Z - info: HTTP GET /user/upload
2017-03-08T14:56:12.810Z - info: HTTP POST /user/upload
2017-03-08T14:56:12.820Z - info: HTTP GET /user/upload
2017-03-08T15:01:02.246Z - info: HTTP GET /user/upload
2017-03-08T15:01:09.270Z - info: HTTP POST /user/upload
2017-03-08T15:01:09.271Z - info: HTTP POST /user/upload
2017-03-08T15:01:09.277Z - info: HTTP GET /user/upload
2017-03-08T15:01:09.279Z - info: HTTP GET /user/upload
2017-03-08T15:01:47.356Z - info: HTTP GET /user/upload
2017-03-08T15:01:52.477Z - info: HTTP POST /user/upload
2017-03-08T15:01:52.481Z - info: HTTP GET /user/upload
2017-03-08T15:02:05.207Z - info: HTTP POST /user/upload
2017-03-08T15:02:05.211Z - info: HTTP GET /user/upload
2017-03-08T15:04:30.407Z - info: HTTP GET /user/upload
2017-03-08T15:04:36.154Z - info: HTTP POST /user/upload
2017-03-08T15:04:36.159Z - info: HTTP GET /user/upload
2017-03-14T14:51:26.826Z - info: HTTP GET /img/logo.jpg
2017-03-14T14:52:13.693Z - info: HTTP GET /
2017-03-14T14:52:13.744Z - info: HTTP GET /img/index/new1.png
2017-03-14T14:52:25.930Z - info: HTTP GET /photographer/1
2017-03-14T14:52:25.969Z - info: HTTP GET /photographer/js/vendor/jquery-1.12.0.min.js
2017-03-14T14:52:25.975Z - info: HTTP GET /photographer/js/main.js
2017-03-14T14:52:25.980Z - info: HTTP GET /photographer/img/logo.png
2017-03-14T14:52:31.314Z - info: HTTP GET /photographer/2
2017-03-14T14:52:31.346Z - info: HTTP GET /photographer/js/vendor/jquery-1.12.0.min.js
2017-03-14T14:52:31.362Z - info: HTTP GET /photographer/js/main.js
2017-03-14T14:52:31.368Z - info: HTTP GET /photographer/img/logo.png
2017-03-14T14:52:37.683Z - info: HTTP GET /photo/1
2017-03-14T14:52:43.554Z - info: HTTP GET /photo/2
2017-03-14T14:52:47.094Z - info: HTTP GET /award
2017-03-14T14:52:47.143Z - info: HTTP GET /img/award/award1/award1.png
2017-03-14T14:52:47.154Z - info: HTTP GET /img/award/award2/award2.png
2017-03-14T14:52:49.757Z - info: HTTP GET /award/1
2017-03-14T14:52:49.783Z - info: HTTP GET /award/js/vendor/jquery-1.12.0.min.js
2017-03-14T14:52:49.792Z - info: HTTP GET /award/js/main.js
2017-03-14T14:52:49.798Z - info: HTTP GET /award/img/logo.png
2017-03-14T14:52:49.807Z - info: HTTP GET /award/img/award/award1/new1.jpg
2017-03-14T14:52:49.810Z - info: HTTP GET /award/img/award/award1/new2.jpg
2017-03-14T14:52:49.813Z - info: HTTP GET /award/img/award/award1/new3.jpg
2017-03-14T14:52:49.816Z - info: HTTP GET /award/img/award/award1/new4.jpg
2017-03-14T14:52:58.104Z - info: HTTP GET /customer
2017-03-14T14:53:02.369Z - info: HTTP GET /news
2017-03-14T14:53:08.394Z - info: HTTP GET /news/1
2017-03-14T14:53:14.139Z - info: HTTP GET /news/1
2017-03-14T14:53:19.786Z - info: HTTP GET /contact
2017-03-14T14:53:33.095Z - info: HTTP GET /
2017-03-14T14:53:33.145Z - info: HTTP GET /img/index/new1.png
2017-03-14T14:54:40.808Z - info: HTTP GET /login
2017-03-14T14:59:04.093Z - info: HTTP GET /login
2017-03-14T15:00:04.898Z - info: HTTP GET /login/
2017-03-14T15:03:41.777Z - info: HTTP GET /login/
2017-03-14T15:03:41.817Z - info: HTTP GET /login/js/vendor/jquery-1.12.0.min.js
2017-03-14T15:03:41.822Z - info: HTTP GET /login/js/main.js
2017-03-14T15:03:41.828Z - info: HTTP GET /login/img/logo.png
2017-03-14T15:04:37.618Z - info: HTTP GET /login/
2017-03-14T15:04:37.644Z - info: HTTP GET /login/js/vendor/jquery-1.12.0.min.js
2017-03-14T15:04:37.651Z - info: HTTP GET /login/js/main.js
2017-03-14T15:04:37.659Z - info: HTTP GET /login/img/logo.png
2017-03-14T15:04:42.000Z - info: HTTP GET /login/
2017-03-14T15:04:42.034Z - info: HTTP GET /login/js/vendor/jquery-1.12.0.min.js
2017-03-14T15:04:42.047Z - info: HTTP GET /login/js/main.js
2017-03-14T15:04:42.055Z - info: HTTP GET /login/img/logo.png
2017-03-14T15:05:14.689Z - info: HTTP GET /login/
2017-03-14T15:05:14.717Z - info: HTTP GET /login/js/vendor/jquery-1.12.0.min.js
2017-03-14T15:05:14.723Z - info: HTTP GET /login/js/main.js
2017-03-14T15:05:15.599Z - info: HTTP GET /login/
2017-03-14T15:05:15.631Z - info: HTTP GET /login/js/vendor/jquery-1.12.0.min.js
2017-03-14T15:05:15.635Z - info: HTTP GET /login/js/main.js
2017-03-14T15:06:14.883Z - info: HTTP GET /login/
2017-03-14T15:06:14.915Z - info: HTTP GET /login/js/vendor/jquery-1.12.0.min.js
2017-03-14T15:06:14.922Z - info: HTTP GET /login/js/main.js
2017-03-14T15:06:17.158Z - info: HTTP GET /login/
2017-03-14T15:06:17.184Z - info: HTTP GET /login/js/vendor/jquery-1.12.0.min.js
2017-03-14T15:06:17.190Z - info: HTTP GET /login/js/main.js
2017-03-14T15:06:41.067Z - info: HTTP GET /login/
2017-03-14T15:06:41.105Z - info: HTTP GET /login/js/vendor/jquery-1.12.0.min.js
2017-03-14T15:06:41.116Z - info: HTTP GET /login/js/main.js
2017-03-14T15:06:57.708Z - info: HTTP GET /login/
2017-03-14T15:06:57.735Z - info: HTTP GET /login/js/vendor/jquery-1.12.0.min.js
2017-03-14T15:06:57.750Z - info: HTTP GET /login/js/main.js
2017-03-14T15:06:58.700Z - info: HTTP GET /login/
2017-03-14T15:06:58.745Z - info: HTTP GET /login/js/vendor/jquery-1.12.0.min.js
2017-03-14T15:06:58.751Z - info: HTTP GET /login/js/main.js
2017-03-14T15:07:37.108Z - info: HTTP GET /login/
2017-03-14T15:07:37.138Z - info: HTTP GET /login/js/vendor/jquery-1.12.0.min.js
2017-03-14T15:07:37.147Z - info: HTTP GET /login/js/main.js
2017-03-14T15:07:37.828Z - info: HTTP GET /login/
2017-03-14T15:07:37.856Z - info: HTTP GET /login/js/vendor/jquery-1.12.0.min.js
2017-03-14T15:07:37.860Z - info: HTTP GET /login/js/main.js
2017-03-14T15:08:02.608Z - info: HTTP GET /login/
2017-03-14T15:08:02.685Z - info: HTTP GET /login/js/vendor/jquery-1.12.0.min.js
2017-03-14T15:08:02.698Z - info: HTTP GET /login/js/main.js
2017-03-14T15:08:03.358Z - info: HTTP GET /login/
2017-03-14T15:08:03.397Z - info: HTTP GET /login/js/vendor/jquery-1.12.0.min.js
2017-03-14T15:08:03.402Z - info: HTTP GET /login/js/main.js
2017-03-14T15:08:37.853Z - info: HTTP GET /login/
2017-03-14T15:08:37.880Z - info: HTTP GET /login/js/vendor/jquery-1.12.0.min.js
2017-03-14T15:08:37.884Z - info: HTTP GET /login/js/main.js
2017-03-14T15:08:38.666Z - info: HTTP GET /login/
2017-03-14T15:08:38.694Z - info: HTTP GET /login/js/vendor/jquery-1.12.0.min.js
2017-03-14T15:08:38.699Z - info: HTTP GET /login/js/main.js
2017-03-14T15:08:46.879Z - info: HTTP GET /login/
2017-03-14T15:08:46.907Z - info: HTTP GET /login/js/vendor/jquery-1.12.0.min.js
2017-03-14T15:08:46.913Z - info: HTTP GET /login/js/main.js
2017-03-14T15:08:47.597Z - info: HTTP GET /login/
2017-03-14T15:08:47.629Z - info: HTTP GET /login/js/vendor/jquery-1.12.0.min.js
2017-03-14T15:08:47.633Z - info: HTTP GET /login/js/main.js
2017-03-14T15:09:25.146Z - info: HTTP GET /login/
2017-03-14T15:09:25.179Z - info: HTTP GET /login/js/vendor/jquery-1.12.0.min.js
2017-03-14T15:09:25.188Z - info: HTTP GET /login/js/main.js
2017-03-14T15:09:25.733Z - info: HTTP GET /login/
2017-03-14T15:09:25.758Z - info: HTTP GET /login/js/vendor/jquery-1.12.0.min.js
2017-03-14T15:09:25.763Z - info: HTTP GET /login/js/main.js
2017-03-14T15:09:28.865Z - info: HTTP GET /login?username=&password=
2017-03-14T15:09:46.256Z - info: HTTP GET /login?username=&password=
2017-03-14T15:10:36.609Z - info: HTTP GET /login?username=&password=
2017-03-14T15:10:40.549Z - info: HTTP GET /login?username=&password=
2017-03-14T15:11:46.074Z - info: HTTP GET /login
2017-03-14T15:11:50.401Z - info: HTTP POST /login
2017-03-14T15:15:43.090Z - info: HTTP GET /user/imgs
2017-03-14T15:15:43.127Z - info: HTTP GET /user/js/vendor/jquery-1.12.0.min.js
2017-03-14T15:15:43.176Z - info: HTTP GET /user/js/main.js
2017-03-14T15:15:43.198Z - info: HTTP GET /user/img/index/new1_thumbnail.png
2017-03-14T15:16:05.552Z - info: HTTP GET /user/imgs
2017-03-14T15:16:05.583Z - info: HTTP GET /
2017-03-14T15:16:05.624Z - info: HTTP GET /img/index/new1.png
2017-03-14T15:16:21.304Z - info: HTTP GET /login
2017-03-14T15:16:24.391Z - info: HTTP POST /login
2017-03-14T15:16:28.621Z - info: HTTP GET /user/upload
2017-03-14T15:16:28.667Z - info: HTTP GET /user/js/vendor/jquery-1.12.0.min.js
2017-03-14T15:16:28.675Z - info: HTTP GET /user/js/main.js
2017-03-14T15:19:10.284Z - info: HTTP GET /user/upload
2017-03-14T15:19:10.312Z - info: HTTP GET /user/js/vendor/jquery-1.12.0.min.js
2017-03-14T15:19:10.319Z - info: HTTP GET /user/js/main.js
2017-03-14T15:19:30.598Z - info: HTTP GET /user/upload
2017-03-14T15:19:30.623Z - info: HTTP GET /user/js/vendor/jquery-1.12.0.min.js
2017-03-14T15:19:30.644Z - info: HTTP GET /user/js/main.js
2017-03-14T15:20:58.111Z - info: HTTP GET /user/upload
2017-03-14T15:20:58.137Z - info: HTTP GET /user/js/vendor/jquery-1.12.0.min.js
2017-03-14T15:20:58.145Z - info: HTTP GET /user/js/main.js
2017-03-14T15:22:21.761Z - info: HTTP GET /user/upload
2017-03-14T15:22:21.786Z - info: HTTP GET /
2017-03-14T15:22:21.858Z - info: HTTP GET /img/index/new1.png
2017-03-14T15:22:27.897Z - info: HTTP GET /login
2017-03-14T15:22:30.854Z - info: HTTP POST /login
2017-03-14T15:22:34.262Z - info: HTTP GET /user/upload
2017-03-14T15:22:34.352Z - info: HTTP GET /user/js/vendor/jquery-1.12.0.min.js
2017-03-14T15:22:34.357Z - info: HTTP GET /user/js/main.js
2017-03-14T15:23:20.341Z - info: HTTP GET /user/upload
2017-03-14T15:23:20.387Z - info: HTTP GET /user/js/vendor/jquery-1.12.0.min.js
2017-03-14T15:23:20.394Z - info: HTTP GET /user/js/main.js
2017-03-14T15:23:21.866Z - info: HTTP GET /user/upload
2017-03-14T15:23:21.912Z - info: HTTP GET /user/js/vendor/jquery-1.12.0.min.js
2017-03-14T15:23:21.928Z - info: HTTP GET /user/js/main.js
2017-03-14T15:24:09.481Z - info: HTTP GET /user/upload
2017-03-14T15:24:09.528Z - info: HTTP GET /user/js/vendor/jquery-1.12.0.min.js
2017-03-14T15:24:09.539Z - info: HTTP GET /user/js/main.js
2017-03-14T15:24:19.990Z - info: HTTP GET /user/upload
2017-03-14T15:24:20.077Z - info: HTTP GET /user/js/vendor/jquery-1.12.0.min.js
2017-03-14T15:24:20.089Z - info: HTTP GET /user/js/main.js
2017-03-14T15:24:20.834Z - info: HTTP GET /user/upload
2017-03-14T15:24:20.873Z - info: HTTP GET /user/js/vendor/jquery-1.12.0.min.js
2017-03-14T15:24:20.890Z - info: HTTP GET /user/js/main.js
2017-03-14T15:24:46.462Z - info: HTTP GET /user/upload
2017-03-14T15:24:46.501Z - info: HTTP GET /user/js/vendor/jquery-1.12.0.min.js
2017-03-14T15:24:46.519Z - info: HTTP GET /user/js/main.js
2017-03-14T15:24:47.293Z - info: HTTP GET /user/upload
2017-03-14T15:24:47.381Z - info: HTTP GET /user/js/vendor/jquery-1.12.0.min.js
2017-03-14T15:24:47.387Z - info: HTTP GET /user/js/main.js
2017-03-14T15:25:15.554Z - info: HTTP GET /user/upload
2017-03-14T15:25:15.595Z - info: HTTP GET /user/js/vendor/jquery-1.12.0.min.js
2017-03-14T15:25:15.610Z - info: HTTP GET /user/js/main.js
2017-03-14T15:25:16.602Z - info: HTTP GET /user/upload
2017-03-14T15:25:16.649Z - info: HTTP GET /user/js/vendor/jquery-1.12.0.min.js
2017-03-14T15:25:16.673Z - info: HTTP GET /user/js/main.js
2017-03-14T15:26:13.929Z - info: HTTP GET /user/upload
2017-03-14T15:26:13.989Z - info: HTTP GET /user/js/vendor/jquery-1.12.0.min.js
2017-03-14T15:26:13.997Z - info: HTTP GET /user/js/main.js
2017-03-14T15:26:25.606Z - info: HTTP GET /user/upload
2017-03-14T15:26:25.657Z - info: HTTP GET /user/js/vendor/jquery-1.12.0.min.js
2017-03-14T15:26:25.670Z - info: HTTP GET /user/js/main.js
2017-03-14T15:26:50.829Z - info: HTTP GET /user/upload
2017-03-14T15:26:50.879Z - info: HTTP GET /user/js/vendor/jquery-1.12.0.min.js
2017-03-14T15:26:50.885Z - info: HTTP GET /user/js/main.js
2017-03-14T15:26:51.611Z - info: HTTP GET /user/upload
2017-03-14T15:26:51.646Z - info: HTTP GET /user/js/vendor/jquery-1.12.0.min.js
2017-03-14T15:26:51.651Z - info: HTTP GET /user/js/main.js
2017-03-14T15:27:18.151Z - info: HTTP GET /user/upload
2017-03-14T15:27:18.196Z - info: HTTP GET /user/js/vendor/jquery-1.12.0.min.js
2017-03-14T15:27:18.202Z - info: HTTP GET /user/js/main.js
2017-03-14T15:27:18.877Z - info: HTTP GET /user/upload
2017-03-14T15:27:18.918Z - info: HTTP GET /user/js/vendor/jquery-1.12.0.min.js
2017-03-14T15:27:18.925Z - info: HTTP GET /user/js/main.js
2017-03-14T15:27:47.490Z - info: HTTP GET /user/upload
2017-03-14T15:27:47.523Z - info: HTTP GET /user/js/vendor/jquery-1.12.0.min.js
2017-03-14T15:27:47.535Z - info: HTTP GET /user/js/main.js
2017-03-14T15:27:48.188Z - info: HTTP GET /user/upload
2017-03-14T15:27:48.225Z - info: HTTP GET /user/js/vendor/jquery-1.12.0.min.js
2017-03-14T15:27:48.237Z - info: HTTP GET /user/js/main.js
2017-03-14T15:28:04.998Z - info: HTTP GET /user/upload
2017-03-14T15:28:05.053Z - info: HTTP GET /user/js/vendor/jquery-1.12.0.min.js
2017-03-14T15:28:05.066Z - info: HTTP GET /user/js/main.js
2017-03-14T15:28:05.597Z - info: HTTP GET /user/upload
2017-03-14T15:28:05.629Z - info: HTTP GET /user/js/vendor/jquery-1.12.0.min.js
2017-03-14T15:28:05.636Z - info: HTTP GET /user/js/main.js
2017-03-14T15:28:20.612Z - info: HTTP GET /user/upload
2017-03-14T15:28:20.655Z - info: HTTP GET /user/js/vendor/jquery-1.12.0.min.js
2017-03-14T15:28:20.670Z - info: HTTP GET /user/js/main.js
2017-03-14T15:28:21.333Z - info: HTTP GET /user/upload
2017-03-14T15:28:21.364Z - info: HTTP GET /user/js/vendor/jquery-1.12.0.min.js
2017-03-14T15:28:21.371Z - info: HTTP GET /user/js/main.js
2017-03-14T15:28:44.603Z - info: HTTP GET /user/upload
2017-03-14T15:28:44.635Z - info: HTTP GET /user/js/vendor/jquery-1.12.0.min.js
2017-03-14T15:28:44.641Z - info: HTTP GET /user/js/main.js
2017-03-14T15:30:02.284Z - info: HTTP GET /user/upload
2017-03-14T15:30:02.330Z - info: HTTP GET /user/js/vendor/jquery-1.12.0.min.js
2017-03-14T15:30:02.339Z - info: HTTP GET /user/js/main.js
2017-03-14T15:30:03.264Z - info: HTTP GET /user/upload
2017-03-14T15:30:03.297Z - info: HTTP GET /user/js/vendor/jquery-1.12.0.min.js
2017-03-14T15:30:03.301Z - info: HTTP GET /user/js/main.js
2017-03-14T15:30:22.476Z - info: HTTP GET /user/upload
2017-03-14T15:30:22.510Z - info: HTTP GET /user/js/vendor/jquery-1.12.0.min.js
2017-03-14T15:30:22.542Z - info: HTTP GET /user/js/main.js
2017-03-14T15:30:23.244Z - info: HTTP GET /user/upload
2017-03-14T15:30:23.294Z - info: HTTP GET /user/js/vendor/jquery-1.12.0.min.js
2017-03-14T15:30:23.305Z - info: HTTP GET /user/js/main.js
2017-03-14T15:30:33.780Z - info: HTTP POST /user/upload
2017-03-14T15:30:33.784Z - info: HTTP GET /user/upload
2017-03-14T15:30:46.480Z - info: HTTP GET /
2017-03-14T15:30:46.548Z - info: HTTP GET /img/index/new1.png
2017-03-14T15:31:14.350Z - info: HTTP POST /user/upload
2017-03-14T15:31:14.354Z - info: HTTP GET /user/upload
2017-03-14T15:32:20.979Z - info: HTTP POST /user/upload
2017-03-14T15:32:20.984Z - info: HTTP GET /user/upload
2017-03-14T15:33:04.608Z - info: HTTP GET /user/upload
2017-03-14T15:33:04.647Z - info: HTTP GET /user/js/vendor/jquery-1.12.0.min.js
2017-03-14T15:33:04.661Z - info: HTTP GET /user/js/main.js
2017-03-14T15:33:15.434Z - info: HTTP GET /user/upload
2017-03-14T15:33:15.471Z - info: HTTP GET /user/js/vendor/jquery-1.12.0.min.js
2017-03-14T15:33:15.485Z - info: HTTP GET /user/js/main.js
2017-03-14T15:33:22.167Z - info: HTTP POST /user/upload
2017-03-14T15:33:22.171Z - info: HTTP GET /user/upload
2017-03-14T15:33:31.815Z - info: HTTP POST /user/upload
2017-03-14T15:33:31.819Z - info: HTTP GET /user/upload
2017-03-14T15:33:51.109Z - info: HTTP GET /photo/2
2017-03-14T15:33:58.637Z - info: HTTP GET /photo/1
2017-03-14T15:35:12.586Z - info: HTTP GET /user/upload
2017-03-14T15:35:12.612Z - info: HTTP GET /
2017-03-14T15:35:12.678Z - info: HTTP GET /img/index/new1.png
2017-03-14T15:35:15.460Z - info: HTTP GET /photo/1
2017-03-14T15:35:15.492Z - info: HTTP GET /photo/js/vendor/jquery-1.12.0.min.js
2017-03-14T15:35:15.527Z - info: HTTP GET /photo/js/main.js
2017-03-14T15:35:18.405Z - info: HTTP GET /photo/2
2017-03-14T15:35:18.456Z - info: HTTP GET /photo/js/vendor/jquery-1.12.0.min.js
2017-03-14T15:35:18.466Z - info: HTTP GET /photo/js/main.js
2017-03-14T15:35:23.403Z - info: HTTP GET /photo/2
2017-03-14T15:35:23.447Z - info: HTTP GET /photo/js/vendor/jquery-1.12.0.min.js
2017-03-14T15:35:23.454Z - info: HTTP GET /photo/js/main.js
2017-03-14T15:35:35.780Z - info: HTTP GET /photo/1
2017-03-14T15:35:35.812Z - info: HTTP GET /photo/js/vendor/jquery-1.12.0.min.js
2017-03-14T15:35:35.831Z - info: HTTP GET /photo/js/main.js
2017-03-14T15:35:41.233Z - info: HTTP GET /award
2017-03-14T15:35:41.328Z - info: HTTP GET /img/award/award1/award1.png
2017-03-14T15:35:41.332Z - info: HTTP GET /img/award/award2/award2.png
2017-03-14T15:35:47.382Z - info: HTTP GET /customer
2017-03-14T15:35:48.726Z - info: HTTP GET /news
2017-03-14T15:38:22.891Z - info: HTTP GET /news
2017-03-14T15:38:27.042Z - info: HTTP GET /news/2
2017-03-14T15:40:43.834Z - info: HTTP GET /news/2
2017-03-14T15:40:49.386Z - info: HTTP GET /news/2
2017-03-14T15:40:49.429Z - info: HTTP GET /news/js/vendor/jquery-1.12.0.min.js
2017-03-14T15:40:49.433Z - info: HTTP GET /news/js/main.js
2017-03-14T15:40:49.445Z - info: HTTP GET /news/img/new2/new2.jpg
2017-03-14T15:41:11.282Z - info: HTTP GET /news/2
2017-03-14T15:41:11.335Z - info: HTTP GET /news/js/vendor/jquery-1.12.0.min.js
2017-03-14T15:41:11.341Z - info: HTTP GET /news/js/main.js
2017-03-14T15:41:17.075Z - info: HTTP GET /news
2017-03-14T15:41:23.263Z - info: HTTP GET /news/1
2017-03-14T15:41:23.287Z - info: HTTP GET /news/js/vendor/jquery-1.12.0.min.js
2017-03-14T15:41:23.295Z - info: HTTP GET /news/js/main.js
2017-03-14T15:41:28.715Z - info: HTTP GET /news/2
2017-03-14T15:41:28.740Z - info: HTTP GET /news/js/vendor/jquery-1.12.0.min.js
2017-03-14T15:41:28.745Z - info: HTTP GET /news/js/main.js
2017-03-14T15:41:47.694Z - info: HTTP GET /customer
2017-03-14T15:41:51.193Z - info: HTTP GET /contact
2017-03-14T15:41:53.743Z - info: HTTP GET /award
2017-03-14T15:41:53.804Z - info: HTTP GET /img/award/award1/award1.png
2017-03-14T15:41:53.808Z - info: HTTP GET /img/award/award2/award2.png
2017-03-14T15:41:54.784Z - info: HTTP GET /customer
2017-03-14T15:41:55.999Z - info: HTTP GET /award
2017-03-14T15:41:56.048Z - info: HTTP GET /img/award/award1/award1.png
2017-03-14T15:41:56.053Z - info: HTTP GET /img/award/award2/award2.png
2017-03-14T15:42:15.886Z - info: HTTP GET /award
2017-03-14T15:42:15.936Z - info: HTTP GET /img/award/award1/award1.png
2017-03-14T15:42:15.963Z - info: HTTP GET /img/award/award2/award2.png
2017-03-14T15:42:19.848Z - info: HTTP GET /award
2017-03-14T15:42:19.896Z - info: HTTP GET /img/award/award1/award1.png
2017-03-14T15:42:19.899Z - info: HTTP GET /img/award/award2/award2.png
2017-03-14T15:42:23.048Z - info: HTTP GET /award
2017-03-14T15:42:23.095Z - info: HTTP GET /img/award/award1/award1.png
2017-03-14T15:42:23.104Z - info: HTTP GET /img/award/award2/award2.png
2017-03-14T15:44:08.949Z - info: HTTP GET /award
2017-03-14T15:44:14.459Z - info: HTTP GET /award/1
2017-03-14T15:44:14.497Z - info: HTTP GET /award/js/vendor/jquery-1.12.0.min.js
2017-03-14T15:44:14.501Z - info: HTTP GET /award/js/main.js
2017-03-14T15:44:14.516Z - info: HTTP GET /award/img/award/award1/new1.jpg
2017-03-14T15:44:14.519Z - info: HTTP GET /award/img/award/award1/new2.jpg
2017-03-14T15:44:14.526Z - info: HTTP GET /award/img/award/award1/new3.jpg
2017-03-14T15:44:14.528Z - info: HTTP GET /award/img/award/award1/new4.jpg
2017-03-14T15:46:12.382Z - info: HTTP GET /award/1
2017-03-14T15:46:12.412Z - info: HTTP GET /award/js/vendor/jquery-1.12.0.min.js
2017-03-14T15:46:12.424Z - info: HTTP GET /award/js/main.js
2017-03-14T15:46:12.435Z - info: HTTP GET /award/img/award/award1/1.jpg
2017-03-14T15:46:12.444Z - info: HTTP GET /award/img/award/award1/2.jpg
2017-03-14T15:46:12.448Z - info: HTTP GET /award/img/award/award1/3.jpg
2017-03-14T15:46:12.457Z - info: HTTP GET /award/img/award/award1/4.jpg
2017-03-14T15:46:42.147Z - info: HTTP GET /award/1
2017-03-14T15:46:42.182Z - info: HTTP GET /award/js/vendor/jquery-1.12.0.min.js
2017-03-14T15:46:42.187Z - info: HTTP GET /award/js/main.js
2017-03-14T15:46:42.198Z - info: HTTP GET /award/img/award/award1/1.jpg
2017-03-14T15:46:42.205Z - info: HTTP GET /award/img/award/award1/2.jpg
2017-03-14T15:46:42.213Z - info: HTTP GET /award/img/award/award1/3.jpg
2017-03-14T15:46:42.216Z - info: HTTP GET /award/img/award/award1/4.jpg
2017-03-14T15:46:45.786Z - info: HTTP GET /award/2
2017-03-14T15:46:45.820Z - info: HTTP GET /award/js/vendor/jquery-1.12.0.min.js
2017-03-14T15:46:45.826Z - info: HTTP GET /award/js/main.js
2017-03-14T15:46:45.836Z - info: HTTP GET /award/img/award/award2/new1.jpg
2017-03-14T15:46:45.844Z - info: HTTP GET /award/img/award/award2/new2.jpg
2017-03-14T15:46:45.847Z - info: HTTP GET /award/img/award/award2/new3.jpg
2017-03-14T15:46:45.854Z - info: HTTP GET /award/img/award/award2/new4.jpg
2017-03-14T15:47:22.338Z - info: HTTP GET /award/2
2017-03-14T15:47:22.368Z - info: HTTP GET /award/js/vendor/jquery-1.12.0.min.js
2017-03-14T15:47:22.375Z - info: HTTP GET /award/js/main.js
2017-03-14T15:47:22.383Z - info: HTTP GET /award/img/award/award2/1.jpg
2017-03-14T15:47:22.386Z - info: HTTP GET /award/img/award/award2/2.jpg
2017-03-14T15:47:22.394Z - info: HTTP GET /award/img/award/award2/3.jpg
2017-03-14T15:47:22.398Z - info: HTTP GET /award/img/award/award2/4.jpg
2017-03-14T15:47:23.054Z - info: HTTP GET /award/2
2017-03-14T15:47:23.084Z - info: HTTP GET /award/js/vendor/jquery-1.12.0.min.js
2017-03-14T15:47:23.088Z - info: HTTP GET /award/js/main.js
2017-03-14T15:47:23.124Z - info: HTTP GET /award/img/award/award2/1.jpg
2017-03-14T15:47:23.126Z - info: HTTP GET /award/img/award/award2/2.jpg
2017-03-14T15:47:23.129Z - info: HTTP GET /award/img/award/award2/3.jpg
2017-03-14T15:47:23.132Z - info: HTTP GET /award/img/award/award2/4.jpg
2017-03-14T15:47:55.153Z - info: HTTP GET /award/2
2017-03-14T15:47:55.181Z - info: HTTP GET /award/js/vendor/jquery-1.12.0.min.js
2017-03-14T15:47:55.189Z - info: HTTP GET /award/js/main.js
2017-03-14T15:48:01.367Z - info: HTTP GET /award
2017-03-14T15:48:03.680Z - info: HTTP GET /award/1
2017-03-14T15:48:03.707Z - info: HTTP GET /award/js/vendor/jquery-1.12.0.min.js
2017-03-14T15:48:03.716Z - info: HTTP GET /award/js/main.js
2017-03-14T15:48:06.439Z - info: HTTP GET /award
2017-03-14T15:48:08.168Z - info: HTTP GET /award/2
2017-03-14T15:48:08.196Z - info: HTTP GET /award/js/vendor/jquery-1.12.0.min.js
2017-03-14T15:48:08.202Z - info: HTTP GET /award/js/main.js
2017-03-14T15:48:09.479Z - info: HTTP GET /award
2017-03-14T15:48:11.687Z - info: HTTP GET /photo/1
2017-03-14T15:48:11.719Z - info: HTTP GET /photo/js/vendor/jquery-1.12.0.min.js
2017-03-14T15:48:11.728Z - info: HTTP GET /photo/js/main.js
2017-03-14T15:48:15.628Z - info: HTTP GET /photo/2
2017-03-14T15:48:15.649Z - info: HTTP GET /photo/js/vendor/jquery-1.12.0.min.js
2017-03-14T15:48:15.660Z - info: HTTP GET /photo/js/main.js
2017-03-14T15:48:17.945Z - info: HTTP GET /photographer/1
2017-03-14T15:48:17.974Z - info: HTTP GET /photographer/js/vendor/jquery-1.12.0.min.js
2017-03-14T15:48:17.978Z - info: HTTP GET /photographer/js/main.js
2017-03-14T15:48:22.122Z - info: HTTP GET /photographer/2
2017-03-14T15:48:22.146Z - info: HTTP GET /photographer/js/vendor/jquery-1.12.0.min.js
2017-03-14T15:48:22.162Z - info: HTTP GET /photographer/js/main.js
2017-03-14T15:48:25.274Z - info: HTTP GET /
2017-03-14T15:48:25.317Z - info: HTTP GET /img/index/new1.png
2017-03-14T15:48:27.344Z - info: HTTP GET /photo/1
2017-03-14T15:48:27.365Z - info: HTTP GET /photo/js/vendor/jquery-1.12.0.min.js
2017-03-14T15:48:27.375Z - info: HTTP GET /photo/js/main.js
2017-03-14T15:48:29.250Z - info: HTTP GET /
2017-03-14T15:48:29.292Z - info: HTTP GET /img/index/new1.png
2017-03-14T15:48:38.467Z - info: HTTP GET /
2017-03-14T15:48:38.510Z - info: HTTP GET /img/index/new1.png
2017-03-14T16:03:32.554Z - info: HTTP GET /
2017-03-14T16:03:32.609Z - info: HTTP GET /img/index/new1.png
2017-03-14T16:04:23.455Z - info: HTTP GET /login
2017-03-14T16:04:27.040Z - info: HTTP POST /login
2017-03-14T16:05:42.836Z - info: HTTP POST /login
2017-03-14T16:06:11.318Z - info: HTTP POST /login
2017-03-14T16:06:14.184Z - info: HTTP GET /user/upload
2017-03-14T16:06:14.250Z - info: HTTP GET /user/js/vendor/jquery-1.12.0.min.js
2017-03-14T16:06:14.267Z - info: HTTP GET /user/js/main.js
2017-03-14T16:06:18.462Z - info: HTTP GET /user/imgs
2017-03-14T16:06:18.503Z - info: HTTP GET /user/js/vendor/jquery-1.12.0.min.js
2017-03-14T16:06:18.508Z - info: HTTP GET /user/js/main.js
2017-03-14T16:06:18.523Z - info: HTTP GET /user/img/index/new1_thumbnail.png
2017-03-14T16:09:18.608Z - info: HTTP GET /user/imgs
2017-03-14T16:09:18.643Z - info: HTTP GET /user/js/vendor/jquery-1.12.0.min.js
2017-03-14T16:09:18.655Z - info: HTTP GET /user/js/main.js
2017-03-14T16:09:19.624Z - info: HTTP GET /user/imgs
2017-03-14T16:09:19.661Z - info: HTTP GET /user/js/vendor/jquery-1.12.0.min.js
2017-03-14T16:09:19.671Z - info: HTTP GET /user/js/main.js
2017-03-14T16:10:36.256Z - info: HTTP GET /user/imgs
2017-03-14T16:10:36.282Z - info: HTTP GET /user/js/vendor/jquery-1.12.0.min.js
2017-03-14T16:10:36.310Z - info: HTTP GET /user/js/main.js
2017-03-14T16:10:37.083Z - info: HTTP GET /user/imgs
2017-03-14T16:10:37.114Z - info: HTTP GET /user/js/vendor/jquery-1.12.0.min.js
2017-03-14T16:10:37.123Z - info: HTTP GET /user/js/main.js
2017-03-14T16:11:25.867Z - info: HTTP GET /user/imgs
2017-03-14T16:11:25.893Z - info: HTTP GET /user/js/vendor/jquery-1.12.0.min.js
2017-03-14T16:11:25.901Z - info: HTTP GET /user/js/main.js
2017-03-14T16:11:26.780Z - info: HTTP GET /user/imgs
2017-03-14T16:11:26.810Z - info: HTTP GET /user/js/vendor/jquery-1.12.0.min.js
2017-03-14T16:11:26.819Z - info: HTTP GET /user/js/main.js
2017-03-14T16:12:11.545Z - info: HTTP GET /user/imgs
2017-03-14T16:12:11.567Z - info: HTTP GET /user/js/vendor/jquery-1.12.0.min.js
2017-03-14T16:12:11.610Z - info: HTTP GET /user/js/main.js
2017-03-14T16:12:30.593Z - info: HTTP GET /user/imgs
2017-03-14T16:12:30.618Z - info: HTTP GET /user/js/vendor/jquery-1.12.0.min.js
2017-03-14T16:12:30.624Z - info: HTTP GET /user/js/main.js
2017-03-14T16:12:31.624Z - info: HTTP GET /user/imgs
2017-03-14T16:12:31.654Z - info: HTTP GET /user/js/vendor/jquery-1.12.0.min.js
2017-03-14T16:12:31.671Z - info: HTTP GET /user/js/main.js
2017-03-14T16:12:50.299Z - info: HTTP GET /user/imgs
2017-03-14T16:12:50.335Z - info: HTTP GET /user/js/vendor/jquery-1.12.0.min.js
2017-03-14T16:12:50.347Z - info: HTTP GET /user/js/main.js
2017-03-14T16:12:59.910Z - info: HTTP GET /user/imgs
2017-03-14T16:12:59.934Z - info: HTTP GET /user/js/vendor/jquery-1.12.0.min.js
2017-03-14T16:12:59.942Z - info: HTTP GET /user/js/main.js
2017-03-14T16:13:00.545Z - info: HTTP GET /user/imgs
2017-03-14T16:13:00.572Z - info: HTTP GET /user/js/vendor/jquery-1.12.0.min.js
2017-03-14T16:13:00.580Z - info: HTTP GET /user/js/main.js
2017-03-14T16:13:24.019Z - info: HTTP GET /user/imgs
2017-03-14T16:13:24.043Z - info: HTTP GET /user/js/vendor/jquery-1.12.0.min.js
2017-03-14T16:13:24.050Z - info: HTTP GET /user/js/main.js
2017-03-14T16:13:24.733Z - info: HTTP GET /user/imgs
2017-03-14T16:13:24.759Z - info: HTTP GET /user/js/vendor/jquery-1.12.0.min.js
2017-03-14T16:13:24.770Z - info: HTTP GET /user/js/main.js
2017-03-14T16:13:50.442Z - info: HTTP GET /user/imgs
2017-03-14T16:13:50.470Z - info: HTTP GET /user/js/vendor/jquery-1.12.0.min.js
2017-03-14T16:13:50.486Z - info: HTTP GET /user/js/main.js
2017-03-14T16:13:51.172Z - info: HTTP GET /user/imgs
2017-03-14T16:13:51.202Z - info: HTTP GET /user/js/vendor/jquery-1.12.0.min.js
2017-03-14T16:13:51.210Z - info: HTTP GET /user/js/main.js
2017-03-14T16:14:23.260Z - info: HTTP GET /user/imgs
2017-03-14T16:14:23.287Z - info: HTTP GET /user/js/vendor/jquery-1.12.0.min.js
2017-03-14T16:14:23.295Z - info: HTTP GET /user/js/main.js
2017-03-14T16:14:23.962Z - info: HTTP GET /user/imgs
2017-03-14T16:14:23.985Z - info: HTTP GET /user/js/vendor/jquery-1.12.0.min.js
2017-03-14T16:14:23.992Z - info: HTTP GET /user/js/main.js
2017-03-14T16:14:38.905Z - info: HTTP GET /img/index/new1.png
2017-03-14T16:14:45.393Z - info: HTTP GET /img/index/new1.png
2017-03-14T16:16:39.457Z - info: HTTP GET /user/imgs
2017-03-14T16:16:39.481Z - info: HTTP GET /user/js/vendor/jquery-1.12.0.min.js
2017-03-14T16:16:39.491Z - info: HTTP GET /user/js/main.js
2017-03-14T16:18:12.332Z - info: HTTP GET /user/imgs
2017-03-14T16:18:16.032Z - info: HTTP GET /img/index/new1.png
2017-03-14T16:18:19.997Z - info: HTTP GET /img/index/new1.png
2017-03-14T16:18:34.509Z - info: HTTP GET /
2017-03-14T16:18:34.569Z - info: HTTP GET /img/index/new1.png
2017-03-14T16:18:39.357Z - info: HTTP GET /photo/1
2017-03-14T16:18:42.323Z - info: HTTP GET /photo/1
2017-03-14T16:18:53.790Z - info: HTTP GET /photo/1
2017-03-14T16:19:29.758Z - info: HTTP GET /award
2017-03-14T16:19:30.979Z - info: HTTP GET /customer
2017-03-14T16:19:31.621Z - info: HTTP GET /news
2017-03-14T16:19:32.399Z - info: HTTP GET /contact
2017-03-14T16:19:34.265Z - info: HTTP GET /
2017-03-14T16:19:34.313Z - info: HTTP GET /img/index/new1.png
2017-03-14T16:19:35.408Z - info: HTTP GET /photographer/1
2017-03-14T16:19:36.988Z - info: HTTP GET /photo/1
2017-03-14T16:19:38.733Z - info: HTTP GET /photo/2
2017-03-14T16:19:39.779Z - info: HTTP GET /award
2017-03-14T16:19:41.805Z - info: HTTP GET /
2017-03-14T16:19:41.847Z - info: HTTP GET /img/index/new1.png
2017-03-15T15:39:35.904Z - info: HTTP GET /
2017-03-15T15:39:36.383Z - info: HTTP GET /img/index/new1.png
2017-03-15T15:39:42.419Z - info: HTTP GET /login
2017-03-15T15:39:46.241Z - info: HTTP POST /login
2017-03-15T15:39:50.255Z - info: HTTP GET /user/imgs
2017-03-15T15:40:32.884Z - info: HTTP GET /img/index/new1.png
2017-03-15T15:40:36.278Z - info: HTTP GET /img/index/new1.png
2017-03-15T15:41:46.287Z - info: HTTP GET /user/imgs
2017-03-15T15:41:49.173Z - info: HTTP GET /user/imgs
2017-03-15T15:41:55.571Z - info: HTTP GET /user/imgs
2017-03-15T15:41:55.598Z - info: HTTP GET /
2017-03-15T15:41:55.671Z - info: HTTP GET /img/index/new1.png
2017-03-15T15:41:59.859Z - info: HTTP GET /
2017-03-15T15:41:59.921Z - info: HTTP GET /img/index/new1.png
2017-03-15T15:43:53.736Z - info: HTTP GET /login
2017-03-15T15:43:59.160Z - info: HTTP POST /login
2017-03-15T15:44:01.246Z - info: HTTP GET /user/imgs
2017-03-15T15:44:05.525Z - info: HTTP GET /user/imgs
2017-03-15T15:44:09.885Z - info: HTTP GET /img/index/new1.png
2017-03-15T15:45:05.310Z - info: HTTP GET /img/index/new1.png
2017-03-15T15:45:06.764Z - info: HTTP GET /img/index/new1.png
2017-03-15T15:45:08.634Z - info: HTTP GET /user/imgs
2017-03-15T15:45:47.445Z - info: HTTP GET /img/index/new1.png
2017-03-15T15:45:51.766Z - info: HTTP GET /img/index/new1.png
2017-03-15T15:45:52.360Z - info: HTTP GET /img/index/new1.png
2017-03-15T15:45:53.127Z - info: HTTP GET /img/index/new1.png
2017-03-15T15:45:56.299Z - info: HTTP GET /user/imgs
2017-03-15T15:45:58.833Z - info: HTTP GET /img/index/new1.png
2017-03-15T15:46:01.303Z - info: HTTP GET /img/index/new1.png
2017-03-15T15:46:03.503Z - info: HTTP GET /img/index/new1.png
2017-03-15T15:46:03.514Z - info: HTTP GET /user/delete?path=/img/index/new1_thumbnail.png
2017-03-15T15:46:03.528Z - info: HTTP GET /user/imgs
2017-03-15T15:46:07.297Z - info: HTTP GET /user/imgs
2017-03-15T15:46:14.753Z - info: HTTP GET /user/imgs?dir=photo/photographer1
2017-03-15T15:46:19.979Z - info: HTTP GET /user/imgs?dir=photo/photographer2
2017-03-15T15:47:00.664Z - info: HTTP GET /photo/2
2017-03-15T15:47:03.848Z - info: HTTP GET /photo/1
2017-03-15T15:47:07.920Z - info: HTTP GET /award
2017-03-15T15:47:09.415Z - info: HTTP GET /award/1
2017-03-15T15:47:19.227Z - info: HTTP GET /photo/1
2017-03-15T15:47:24.359Z - info: HTTP GET /photo/2
2017-03-15T15:47:26.383Z - info: HTTP GET /photographer/1
2017-03-15T15:47:28.495Z - info: HTTP GET /photographer/2
2017-03-15T15:47:29.991Z - info: HTTP GET /
2017-03-15T15:55:11.118Z - info: HTTP GET /
2017-03-15T15:56:09.762Z - info: HTTP GET /
2017-03-15T15:56:10.871Z - info: HTTP GET /
2017-03-15T15:57:35.789Z - info: HTTP GET /
2017-03-15T15:57:39.863Z - info: HTTP GET /photo/1
2017-03-15T16:00:44.222Z - info: HTTP GET /photo/1
2017-03-15T16:00:45.200Z - info: HTTP GET /photo/1
2017-03-15T16:00:45.698Z - info: HTTP GET /photo/1
2017-03-15T16:00:45.956Z - info: HTTP GET /photo/1
2017-03-15T16:00:46.196Z - info: HTTP GET /photo/1
2017-03-15T16:04:06.641Z - info: HTTP GET /photo/1
2017-03-15T16:04:07.498Z - info: HTTP GET /photo/1
2017-03-15T16:04:10.283Z - info: HTTP GET /photo/1
2017-03-15T16:04:15.710Z - info: HTTP GET /photo/1
2017-03-15T16:04:20.996Z - info: HTTP GET /photo/1
2017-03-15T16:04:21.507Z - info: HTTP GET /photo/1
2017-03-15T16:05:04.926Z - info: HTTP GET /photo/1
2017-03-15T16:05:05.615Z - info: HTTP GET /photo/1
2017-03-15T16:05:32.927Z - info: HTTP GET /photo/1
2017-03-15T16:05:39.566Z - info: HTTP GET /photo/1
2017-03-15T16:08:23.793Z - info: HTTP GET /photo/1
2017-03-15T16:08:23.859Z - info: HTTP GET /photo/img/photo/photographer1/new1_thumbnail.jpg
2017-03-15T16:08:23.879Z - info: HTTP GET /photo/img/photo/photographer1/new2_thumbnail.jpg
2017-03-15T16:08:23.884Z - info: HTTP GET /photo/img/photo/photographer1/new3_thumbnail.jpg
2017-03-15T16:08:23.893Z - info: HTTP GET /photo/img/photo/photographer1/new4_thumbnail.jpg
2017-03-15T16:08:23.896Z - info: HTTP GET /photo/img/photo/photographer1/new5_thumbnail.jpg
2017-03-15T16:08:23.898Z - info: HTTP GET /photo/img/photo/photographer1/new6_thumbnail.jpg
2017-03-15T16:08:23.905Z - info: HTTP GET /photo/img/photo/photographer1/new7_thumbnail.jpg
2017-03-15T16:08:23.908Z - info: HTTP GET /photo/img/photo/photographer1/new8_thumbnail.jpg
2017-03-15T16:08:25.587Z - info: HTTP GET /photo/img/photo/photographer1/new1.jpg
2017-03-15T16:08:25.593Z - info: HTTP GET /photo/img/photo/photographer1/new2.jpg
2017-03-15T16:08:25.595Z - info: HTTP GET /photo/img/photo/photographer1/new8.jpg
2017-03-15T16:08:25.596Z - info: HTTP GET /photo/img/photo/photographer1/new3.jpg
2017-03-15T16:08:25.600Z - info: HTTP GET /photo/img/photo/photographer1/new7.jpg
2017-03-15T16:08:25.606Z - info: HTTP GET /photo/img/photo/photographer1/new2_thumbnail.jpg
2017-03-15T16:08:25.609Z - info: HTTP GET /photo/img/photo/photographer1/new8_thumbnail.jpg
2017-03-15T16:08:25.612Z - info: HTTP GET /photo/img/photo/photographer1/new4_thumbnail.jpg
2017-03-15T16:08:25.628Z - info: HTTP GET /photo/img/photo/photographer1/new3_thumbnail.jpg
2017-03-15T16:08:25.629Z - info: HTTP GET /photo/img/photo/photographer1/new5_thumbnail.jpg
2017-03-15T16:08:25.635Z - info: HTTP GET /photo/img/photo/photographer1/new6_thumbnail.jpg
2017-03-15T16:08:25.638Z - info: HTTP GET /photo/img/photo/photographer1/new1_thumbnail.jpg
2017-03-15T16:08:25.641Z - info: HTTP GET /photo/img/photo/photographer1/new7_thumbnail.jpg
2017-03-15T16:08:48.072Z - info: HTTP GET /photo/img/photo/photographer1/new1.jpg
2017-03-15T16:08:48.074Z - info: HTTP GET /photo/img/photo/photographer1/new2.jpg
2017-03-15T16:08:48.084Z - info: HTTP GET /photo/img/photo/photographer1/new8.jpg
2017-03-15T16:08:48.091Z - info: HTTP GET /photo/img/photo/photographer1/new3.jpg
2017-03-15T16:08:48.094Z - info: HTTP GET /photo/img/photo/photographer1/new7.jpg
2017-03-15T16:08:48.097Z - info: HTTP GET /photo/img/photo/photographer1/new8_thumbnail.jpg
2017-03-15T16:08:48.099Z - info: HTTP GET /photo/img/photo/photographer1/new7_thumbnail.jpg
2017-03-15T16:08:48.110Z - info: HTTP GET /photo/img/photo/photographer1/new6_thumbnail.jpg
2017-03-15T16:08:48.132Z - info: HTTP GET /photo/img/photo/photographer1/new5_thumbnail.jpg
2017-03-15T16:08:48.142Z - info: HTTP GET /photo/img/photo/photographer1/new4_thumbnail.jpg
2017-03-15T16:08:48.148Z - info: HTTP GET /photo/img/photo/photographer1/new3_thumbnail.jpg
2017-03-15T16:08:48.151Z - info: HTTP GET /photo/img/photo/photographer1/new2_thumbnail.jpg
2017-03-15T16:08:48.156Z - info: HTTP GET /photo/img/photo/photographer1/new1_thumbnail.jpg
2017-03-15T16:08:50.629Z - info: HTTP GET /photo/2
2017-03-15T16:09:03.038Z - info: HTTP GET /photo/1
2017-03-15T16:09:03.107Z - info: HTTP GET /photo/img/photo/photographer1/new1_thumbnail.jpg
2017-03-15T16:09:03.111Z - info: HTTP GET /photo/img/photo/photographer1/new2_thumbnail.jpg
2017-03-15T16:09:03.121Z - info: HTTP GET /photo/img/photo/photographer1/new3_thumbnail.jpg
2017-03-15T16:09:03.130Z - info: HTTP GET /photo/img/photo/photographer1/new4_thumbnail.jpg
2017-03-15T16:09:03.147Z - info: HTTP GET /photo/img/photo/photographer1/new5_thumbnail.jpg
2017-03-15T16:09:03.159Z - info: HTTP GET /photo/img/photo/photographer1/new6_thumbnail.jpg
2017-03-15T16:09:03.191Z - info: HTTP GET /photo/img/photo/photographer1/new7_thumbnail.jpg
2017-03-15T16:09:03.192Z - info: HTTP GET /photo/img/photo/photographer1/new8_thumbnail.jpg
2017-03-15T16:09:57.686Z - info: HTTP GET /photo/1
2017-03-15T16:10:33.806Z - info: HTTP GET /photo/2
2017-03-15T16:10:50.700Z - info: HTTP GET /photo/2
2017-03-15T16:11:01.892Z - info: HTTP GET /
2017-03-15T16:11:04.067Z - info: HTTP GET /photo/1
2017-03-15T16:11:07.104Z - info: HTTP GET /photographer/1
2017-03-15T16:11:08.424Z - info: HTTP GET /
2017-03-15T16:11:10.699Z - info: HTTP GET /photo/1
2017-03-15T16:12:11.421Z - info: HTTP GET /login
2017-03-15T16:12:12.414Z - info: HTTP GET /login
2017-03-15T16:12:15.592Z - info: HTTP POST /login
2017-03-15T16:12:19.196Z - info: HTTP GET /user/upload
2017-03-15T16:12:33.807Z - info: HTTP POST /user/upload
2017-03-15T16:12:33.810Z - info: HTTP POST /user/upload
2017-03-15T16:12:33.843Z - info: HTTP GET /user/upload
2017-03-15T16:12:33.847Z - info: HTTP GET /user/upload
2017-03-15T16:12:39.405Z - info: HTTP GET /
2017-03-15T16:13:06.746Z - info: HTTP GET /user/upload
2017-03-15T16:13:17.400Z - info: HTTP POST /user/upload
2017-03-15T16:13:17.435Z - info: HTTP GET /user/upload
2017-03-15T16:13:19.245Z - info: HTTP POST /user/upload
2017-03-15T16:13:19.250Z - info: HTTP GET /user/upload
2017-03-15T16:13:26.986Z - info: HTTP GET /photo/1
2017-03-15T16:14:33.964Z - info: HTTP GET /login
2017-03-15T16:14:34.999Z - info: HTTP GET /login
2017-03-15T16:14:39.868Z - info: HTTP POST /login
2017-03-15T16:14:41.002Z - info: HTTP GET /user/imgs
2017-03-15T16:15:10.613Z - info: HTTP GET /user/delete?path=/img/index/new3_thumbnail.jpg
2017-03-15T16:15:10.622Z - info: HTTP GET /user/imgs
2017-03-15T16:21:45.374Z - info: HTTP GET /user/imgs
2017-03-15T16:21:53.823Z - info: HTTP GET /user/imgs?dir=photo/photographer1
2017-03-15T16:26:41.099Z - info: HTTP GET /user/imgs?dir=index
2017-03-15T16:26:41.123Z - info: HTTP GET /
2017-03-15T16:26:48.568Z - info: HTTP GET /login
2017-03-15T16:26:49.740Z - info: HTTP GET /login
2017-03-15T16:26:54.377Z - info: HTTP POST /login
2017-03-15T16:26:56.151Z - info: HTTP GET /user/imgs
2017-03-15T16:26:58.908Z - info: HTTP GET /user/imgs?dir=photo/photographer1
2017-03-15T16:27:00.913Z - info: HTTP GET /user/imgs?dir=photo/photographer2
2017-03-15T16:27:07.427Z - info: HTTP GET /user/delete?path=/img/photo/photographer2/new2_thumbnail.jpg
2017-03-15T16:27:07.456Z - info: HTTP GET /user/imgs
2017-03-15T16:27:11.006Z - info: HTTP GET /user/imgs?dir=photo/photographer2
2017-03-15T16:28:47.469Z - info: HTTP GET /user/imgs?dir=photo/photographer2
2017-03-15T16:28:49.760Z - info: HTTP GET /user/imgs?dir=photo/photographer2
2017-03-15T16:28:51.632Z - info: HTTP GET /user/imgs?dir=photo/photographer1
2017-03-15T16:28:53.497Z - info: HTTP GET /user/imgs?dir=photo/photographer2
2017-03-15T16:29:32.314Z - info: HTTP GET /user/imgs?dir=photo/photographer2
2017-03-15T16:29:33.304Z - info: HTTP GET /user/imgs?dir=photo/photographer2
2017-03-15T16:29:35.259Z - info: HTTP GET /user/imgs?dir=index
2017-03-15T16:29:38.099Z - info: HTTP GET /user/imgs?dir=photo/photographer1
2017-03-15T16:29:43.032Z - info: HTTP GET /user/imgs?dir=photo/photographer2
2017-03-15T16:29:45.622Z - info: HTTP GET /user/delete?path=/img/photo/photographer2/new3_thumbnail.jpg
2017-03-15T16:29:45.658Z - info: HTTP GET /user/imgs
2017-03-15T16:30:38.666Z - info: HTTP GET /photographer/1
2017-03-15T16:30:40.265Z - info: HTTP GET /
2017-03-15T16:30:41.689Z - info: HTTP GET /photographer/2
2017-03-15T16:30:42.932Z - info: HTTP GET /photo/1
2017-03-15T16:30:46.494Z - info: HTTP GET /award
2017-03-15T16:30:47.458Z - info: HTTP GET /customer
2017-03-15T16:30:48.767Z - info: HTTP GET /news
2017-03-15T16:30:49.569Z - info: HTTP GET /contact
2017-03-15T16:30:51.364Z - info: HTTP GET /news
2017-03-15T16:30:52.436Z - info: HTTP GET /news/1
2017-03-15T16:30:58.413Z - info: HTTP GET /
2017-03-15T16:31:06.036Z - info: HTTP GET /
2017-03-15T16:37:08.910Z - info: HTTP GET /
2017-03-15T16:37:10.022Z - info: HTTP GET /
2017-03-19T15:27:44.989Z - info: HTTP GET /
2017-03-19T15:28:33.734Z - info: HTTP GET /
2017-03-19T15:28:38.838Z - info: HTTP GET /
2017-03-19T15:28:41.942Z - info: HTTP GET /
2017-03-19T15:30:45.461Z - info: HTTP GET /
2017-03-19T15:31:48.043Z - info: HTTP GET /
2017-03-19T15:33:33.292Z - info: HTTP GET /
